<?xml version="1.0" encoding="UTF-8"?>
<testsuite name="Phase_Only_Correlation.LibraryTest" tests="1" skipped="0" failures="0" errors="0" timestamp="2024-04-10T12:59:04" hostname="timc-bcm-71" time="0.022">
  <properties/>
  <testcase name="someLibraryMethodReturnsTrue()" classname="Phase_Only_Correlation.LibraryTest" time="0.022"/>
  <system-out><![CDATA[]]></system-out>
  <system-err><![CDATA[]]></system-err>
</testsuite>
